<?xml version="1.0" encoding="UTF-8"?>
<!-- Generated by org.testng.reporters.JUnitReportReporter -->
<testsuite hostname="DESKTOP-DNLDG4V" failures="0" tests="1" name="pack1.FlipKart" time="42.994" errors="0" timestamp="2024-11-25T18:52:21 IST" skipped="0">
  <testcase classname="pack1.FlipKart" name="fun" time="42.994"/>
  <system-out/>
</testsuite> <!-- pack1.FlipKart -->
